[debug] [2024-10-13T15:58:58.992Z] ----------------------------------------------------------------------
[debug] [2024-10-13T15:58:59.000Z] Command:       C:\Program Files\nodejs\node.exe C:\Users\ASUS\AppData\Roaming\npm\node_modules\firebase-tools\lib\bin\firebase.js init functions
[debug] [2024-10-13T15:58:59.001Z] CLI Version:   13.22.0
[debug] [2024-10-13T15:58:59.001Z] Platform:      win32
[debug] [2024-10-13T15:58:59.001Z] Node Version:  v20.12.0
[debug] [2024-10-13T15:58:59.002Z] Time:          Sun Oct 13 2024 23:58:59 GMT+0800 (Taipei Standard Time)
[debug] [2024-10-13T15:58:59.002Z] ----------------------------------------------------------------------
[debug] 
[debug] [2024-10-13T15:58:59.013Z] >>> [apiv2][query] GET https://firebase-public.firebaseio.com/cli.json [none]
[debug] [2024-10-13T15:58:59.488Z] > command requires scopes: ["email","openid","https://www.googleapis.com/auth/cloudplatformprojects.readonly","https://www.googleapis.com/auth/firebase","https://www.googleapis.com/auth/cloud-platform"]
[debug] [2024-10-13T15:58:59.489Z] > authorizing via signed-in user (paez.marie1019@gmail.com)
[info] 
     ######## #### ########  ######## ########     ###     ######  ########
     ##        ##  ##     ## ##       ##     ##  ##   ##  ##       ##
     ######    ##  ########  ######   ########  #########  ######  ######
     ##        ##  ##    ##  ##       ##     ## ##     ##       ## ##
     ##       #### ##     ## ######## ########  ##     ##  ######  ########

You're about to initialize a Firebase project in this directory:

  C:\Users\ASUS\Dropbox\My PC (Marie)\Documents\GitHub\wildattend_admin

Before we get started, keep in mind:

  * You are initializing within an existing Firebase project directory

[debug] [2024-10-13T15:59:00.068Z] <<< [apiv2][status] GET https://firebase-public.firebaseio.com/cli.json 200
[debug] [2024-10-13T15:59:00.069Z] <<< [apiv2][body] GET https://firebase-public.firebaseio.com/cli.json {"cloudBuildErrorAfter":1594252800000,"cloudBuildWarnAfter":1590019200000,"defaultNode10After":1594252800000,"minVersion":"3.0.5","node8DeploysDisabledAfter":1613390400000,"node8RuntimeDisabledAfter":1615809600000,"node8WarnAfter":1600128000000}
[info] 
=== Project Setup
[info] 
[info] First, let's associate this project directory with a Firebase project.
[info] You can create multiple project aliases by running firebase use --add, 
[info] but for now we'll just set up a default project.
[info] 
[debug] [2024-10-13T15:59:09.206Z] Using project from CLI flag: wildattend-18dce
[debug] [2024-10-13T15:59:09.208Z] Checked if tokens are valid: false, expires at: 1712819936046
[debug] [2024-10-13T15:59:09.209Z] Checked if tokens are valid: false, expires at: 1712819936046
[debug] [2024-10-13T15:59:09.210Z] > refreshing access token with scopes: []
[debug] [2024-10-13T15:59:09.213Z] >>> [apiv2][query] POST https://www.googleapis.com/oauth2/v3/token [none]
[debug] [2024-10-13T15:59:09.214Z] >>> [apiv2][body] POST https://www.googleapis.com/oauth2/v3/token [omitted]
[debug] [2024-10-13T15:59:16.203Z] <<< [apiv2][status] POST https://www.googleapis.com/oauth2/v3/token 400
[debug] [2024-10-13T15:59:16.204Z] <<< [apiv2][body] POST https://www.googleapis.com/oauth2/v3/token [omitted]
[debug] [2024-10-13T15:59:16.205Z] >>> [apiv2][query] GET https://firebase.googleapis.com/v1beta1/projects/wildattend-18dce [none]
[debug] [2024-10-13T15:59:22.276Z] <<< [apiv2][status] GET https://firebase.googleapis.com/v1beta1/projects/wildattend-18dce 401
[debug] [2024-10-13T15:59:22.277Z] <<< [apiv2][body] GET https://firebase.googleapis.com/v1beta1/projects/wildattend-18dce {"error":{"code":401,"message":"Request had invalid authentication credentials. Expected OAuth 2 access token, login cookie or other valid authentication credential. See https://developers.google.com/identity/sign-in/web/devconsole-project.","status":"UNAUTHENTICATED"}}
[debug] [2024-10-13T15:59:22.277Z] Got a 401 Unauthenticated error for a call that required authentication. Refreshing tokens.
[debug] [2024-10-13T15:59:22.277Z] Checked if tokens are valid: false, expires at: 1712819936046
[debug] [2024-10-13T15:59:22.277Z] Checked if tokens are valid: false, expires at: 1712819936046
[debug] [2024-10-13T15:59:22.277Z] > refreshing access token with scopes: []
[debug] [2024-10-13T15:59:22.278Z] >>> [apiv2][query] POST https://www.googleapis.com/oauth2/v3/token [none]
[debug] [2024-10-13T15:59:22.278Z] >>> [apiv2][body] POST https://www.googleapis.com/oauth2/v3/token [omitted]
[debug] [2024-10-13T15:59:24.014Z] <<< [apiv2][status] POST https://www.googleapis.com/oauth2/v3/token 400
[debug] [2024-10-13T15:59:24.015Z] <<< [apiv2][body] POST https://www.googleapis.com/oauth2/v3/token [omitted]
[debug] [2024-10-13T15:59:24.015Z] HTTP Error: 401, Request had invalid authentication credentials. Expected OAuth 2 access token, login cookie or other valid authentication credential. See https://developers.google.com/identity/sign-in/web/devconsole-project.
[debug] [2024-10-13T15:59:25.653Z] FirebaseError: HTTP Error: 401, Request had invalid authentication credentials. Expected OAuth 2 access token, login cookie or other valid authentication credential. See https://developers.google.com/identity/sign-in/web/devconsole-project.
    at responseToError (C:\Users\ASUS\AppData\Roaming\npm\node_modules\firebase-tools\lib\responseToError.js:49:12)
    at RetryOperation._fn (C:\Users\ASUS\AppData\Roaming\npm\node_modules\firebase-tools\lib\apiv2.js:312:77)
    at process.processTicksAndRejections (node:internal/process/task_queues:95:5)
[error] 
[error] Error: Failed to get Firebase project wildattend-18dce. Please make sure the project exists and your account has permission to access it.
